<?xml version="1.0" encoding="UTF-8"?>
<coverage generated="1491269440">
  <project timestamp="1491269440">
    <package name="batsg\helpers">
      <file name="C:\data\projects.it\yii2-batsg\src\helpers/HDateTime.php">
        <class name="HDateTime" namespace="batsg\helpers">
          <metrics complexity="36" methods="31" coveredmethods="0" conditionals="0" coveredconditionals="0" statements="67" coveredstatements="0" elements="98" coveredelements="0"/>
        </class>
        <line num="70" type="method" name="createFromString" visibility="public" complexity="1" crap="2" count="0"/>
        <line num="73" type="stmt" count="0"/>
        <line num="75" type="stmt" count="0"/>
        <line num="89" type="method" name="createFromYmdHms" visibility="public" complexity="1" crap="2" count="0"/>
        <line num="92" type="stmt" count="0"/>
        <line num="94" type="stmt" count="0"/>
        <line num="103" type="method" name="createFromTimestamp" visibility="public" complexity="1" crap="2" count="0"/>
        <line num="105" type="stmt" count="0"/>
        <line num="112" type="method" name="now" visibility="public" complexity="1" crap="2" count="0"/>
        <line num="114" type="stmt" count="0"/>
        <line num="122" type="method" name="__construct" visibility="public" complexity="1" crap="2" count="0"/>
        <line num="124" type="stmt" count="0"/>
        <line num="125" type="stmt" count="0"/>
        <line num="133" type="method" name="resetByTimestamp" visibility="public" complexity="1" crap="2" count="0"/>
        <line num="135" type="stmt" count="0"/>
        <line num="137" type="stmt" count="0"/>
        <line num="138" type="stmt" count="0"/>
        <line num="139" type="stmt" count="0"/>
        <line num="140" type="stmt" count="0"/>
        <line num="141" type="stmt" count="0"/>
        <line num="142" type="stmt" count="0"/>
        <line num="143" type="stmt" count="0"/>
        <line num="144" type="stmt" count="0"/>
        <line num="145" type="stmt" count="0"/>
        <line num="162" type="method" name="reset" visibility="public" complexity="1" crap="2" count="0"/>
        <line num="165" type="stmt" count="0"/>
        <line num="167" type="stmt" count="0"/>
        <line num="174" type="method" name="getYear" visibility="public" complexity="1" crap="2" count="0"/>
        <line num="175" type="stmt" count="0"/>
        <line num="182" type="method" name="getMonth" visibility="public" complexity="1" crap="2" count="0"/>
        <line num="183" type="stmt" count="0"/>
        <line num="190" type="method" name="getDay" visibility="public" complexity="1" crap="2" count="0"/>
        <line num="191" type="stmt" count="0"/>
        <line num="198" type="method" name="getHour" visibility="public" complexity="1" crap="2" count="0"/>
        <line num="199" type="stmt" count="0"/>
        <line num="206" type="method" name="getMinute" visibility="public" complexity="1" crap="2" count="0"/>
        <line num="207" type="stmt" count="0"/>
        <line num="214" type="method" name="getSecond" visibility="public" complexity="1" crap="2" count="0"/>
        <line num="216" type="stmt" count="0"/>
        <line num="223" type="method" name="getWDay" visibility="public" complexity="1" crap="2" count="0"/>
        <line num="225" type="stmt" count="0"/>
        <line num="232" type="method" name="getTimestamp" visibility="public" complexity="1" crap="2" count="0"/>
        <line num="234" type="stmt" count="0"/>
        <line num="241" type="method" name="__toString" visibility="public" complexity="1" crap="2" count="0"/>
        <line num="243" type="stmt" count="0"/>
        <line num="249" type="method" name="toDateStr" visibility="public" complexity="1" crap="2" count="0"/>
        <line num="251" type="stmt" count="0"/>
        <line num="257" type="method" name="toDateTimeStr" visibility="public" complexity="1" crap="2" count="0"/>
        <line num="259" type="stmt" count="0"/>
        <line num="265" type="method" name="toTimeStr" visibility="public" complexity="1" crap="2" count="0"/>
        <line num="267" type="stmt" count="0"/>
        <line num="274" type="method" name="toString" visibility="public" complexity="1" crap="2" count="0"/>
        <line num="276" type="stmt" count="0"/>
        <line num="285" type="method" name="firstDayOfMonth" visibility="public" complexity="1" crap="2" count="0"/>
        <line num="287" type="stmt" count="0"/>
        <line num="296" type="method" name="lastDayOfMonth" visibility="public" complexity="1" crap="2" count="0"/>
        <line num="298" type="stmt" count="0"/>
        <line num="305" type="method" name="date" visibility="public" complexity="1" crap="2" count="0"/>
        <line num="307" type="stmt" count="0"/>
        <line num="324" type="method" name="add" visibility="public" complexity="2" crap="6" count="0"/>
        <line num="326" type="stmt" count="0"/>
        <line num="327" type="stmt" count="0"/>
        <line num="328" type="stmt" count="0"/>
        <line num="329" type="stmt" count="0"/>
        <line num="330" type="stmt" count="0"/>
        <line num="331" type="stmt" count="0"/>
        <line num="332" type="stmt" count="0"/>
        <line num="333" type="stmt" count="0"/>
        <line num="334" type="stmt" count="0"/>
        <line num="335" type="stmt" count="0"/>
        <line num="336" type="stmt" count="0"/>
        <line num="338" type="stmt" count="0"/>
        <line num="349" type="method" name="nextNYear" visibility="public" complexity="1" crap="2" count="0"/>
        <line num="351" type="stmt" count="0"/>
        <line num="362" type="method" name="nextNMonth" visibility="public" complexity="1" crap="2" count="0"/>
        <line num="364" type="stmt" count="0"/>
        <line num="375" type="method" name="nextNDay" visibility="public" complexity="1" crap="2" count="0"/>
        <line num="377" type="stmt" count="0"/>
        <line num="388" type="method" name="nextNHour" visibility="public" complexity="1" crap="2" count="0"/>
        <line num="390" type="stmt" count="0"/>
        <line num="401" type="method" name="nextNMinute" visibility="public" complexity="1" crap="2" count="0"/>
        <line num="403" type="stmt" count="0"/>
        <line num="414" type="method" name="nextNSecond" visibility="public" complexity="1" crap="2" count="0"/>
        <line num="416" type="stmt" count="0"/>
        <line num="425" type="method" name="cmp" visibility="public" complexity="5" crap="30" count="0"/>
        <line num="427" type="stmt" count="0"/>
        <line num="428" type="stmt" count="0"/>
        <line num="429" type="stmt" count="0"/>
        <line num="430" type="stmt" count="0"/>
        <line num="431" type="stmt" count="0"/>
        <line num="432" type="stmt" count="0"/>
        <line num="433" type="stmt" count="0"/>
        <line num="434" type="stmt" count="0"/>
        <line num="435" type="stmt" count="0"/>
        <line num="436" type="stmt" count="0"/>
        <line num="437" type="stmt" count="0"/>
        <line num="438" type="stmt" count="0"/>
        <line num="439" type="stmt" count="0"/>
        <metrics loc="441" ncloc="212" classes="1" methods="31" coveredmethods="0" conditionals="0" coveredconditionals="0" statements="67" coveredstatements="0" elements="98" coveredelements="0"/>
      </file>
      <file name="C:\data\projects.it\yii2-batsg\src\helpers/HFile.php">
        <class name="HFile" namespace="batsg\helpers">
          <metrics complexity="27" methods="8" coveredmethods="0" conditionals="0" coveredconditionals="0" statements="54" coveredstatements="0" elements="62" coveredelements="0"/>
        </class>
        <line num="14" type="method" name="connectPath" visibility="public" complexity="1" crap="2" count="0"/>
        <line num="16" type="stmt" count="0"/>
        <line num="27" type="method" name="rmdir" visibility="public" complexity="3" crap="12" count="0"/>
        <line num="29" type="stmt" count="0"/>
        <line num="30" type="stmt" count="0"/>
        <line num="31" type="stmt" count="0"/>
        <line num="32" type="stmt" count="0"/>
        <line num="33" type="stmt" count="0"/>
        <line num="36" type="stmt" count="0"/>
        <line num="38" type="method" name="removeDirRecursively" visibility="private" complexity="5" crap="30" count="0"/>
        <line num="41" type="stmt" count="0"/>
        <line num="42" type="stmt" count="0"/>
        <line num="43" type="stmt" count="0"/>
        <line num="44" type="stmt" count="0"/>
        <line num="45" type="stmt" count="0"/>
        <line num="46" type="stmt" count="0"/>
        <line num="47" type="stmt" count="0"/>
        <line num="49" type="stmt" count="0"/>
        <line num="50" type="stmt" count="0"/>
        <line num="51" type="stmt" count="0"/>
        <line num="52" type="stmt" count="0"/>
        <line num="53" type="stmt" count="0"/>
        <line num="60" type="method" name="listFileRecursively" visibility="public" complexity="5" crap="30" count="0"/>
        <line num="62" type="stmt" count="0"/>
        <line num="63" type="stmt" count="0"/>
        <line num="64" type="stmt" count="0"/>
        <line num="65" type="stmt" count="0"/>
        <line num="66" type="stmt" count="0"/>
        <line num="67" type="stmt" count="0"/>
        <line num="68" type="stmt" count="0"/>
        <line num="69" type="stmt" count="0"/>
        <line num="71" type="stmt" count="0"/>
        <line num="72" type="stmt" count="0"/>
        <line num="73" type="stmt" count="0"/>
        <line num="83" type="method" name="listFile" visibility="public" complexity="5" crap="30" count="0"/>
        <line num="85" type="stmt" count="0"/>
        <line num="86" type="stmt" count="0"/>
        <line num="87" type="stmt" count="0"/>
        <line num="88" type="stmt" count="0"/>
        <line num="89" type="stmt" count="0"/>
        <line num="90" type="stmt" count="0"/>
        <line num="91" type="stmt" count="0"/>
        <line num="92" type="stmt" count="0"/>
        <line num="93" type="stmt" count="0"/>
        <line num="94" type="stmt" count="0"/>
        <line num="104" type="method" name="listDir" visibility="public" complexity="5" crap="30" count="0"/>
        <line num="106" type="stmt" count="0"/>
        <line num="107" type="stmt" count="0"/>
        <line num="108" type="stmt" count="0"/>
        <line num="109" type="stmt" count="0"/>
        <line num="110" type="stmt" count="0"/>
        <line num="111" type="stmt" count="0"/>
        <line num="112" type="stmt" count="0"/>
        <line num="113" type="stmt" count="0"/>
        <line num="114" type="stmt" count="0"/>
        <line num="115" type="stmt" count="0"/>
        <line num="126" type="method" name="fileExtension" visibility="public" complexity="2" crap="6" count="0"/>
        <line num="128" type="stmt" count="0"/>
        <line num="129" type="stmt" count="0"/>
        <line num="139" type="method" name="fileFileName" visibility="public" complexity="1" crap="2" count="0"/>
        <line num="141" type="stmt" count="0"/>
        <line num="142" type="stmt" count="0"/>
        <metrics loc="143" ncloc="91" classes="1" methods="8" coveredmethods="0" conditionals="0" coveredconditionals="0" statements="54" coveredstatements="0" elements="62" coveredelements="0"/>
      </file>
      <file name="C:\data\projects.it\yii2-batsg\src\helpers/HGridView.php">
        <class name="HGridView" namespace="batsg\helpers">
          <metrics complexity="2" methods="2" coveredmethods="0" conditionals="0" coveredconditionals="0" statements="5" coveredstatements="0" elements="7" coveredelements="0"/>
        </class>
        <line num="13" type="method" name="jeditableColumn" visibility="public" complexity="1" crap="2" count="0"/>
        <line num="16" type="stmt" count="0"/>
        <line num="17" type="method" name="anonymous function" complexity="1" crap="2" count="0"/>
        <line num="20" type="stmt" count="0"/>
        <line num="21" type="stmt" count="0"/>
        <line num="22" type="stmt" count="0"/>
        <line num="23" type="stmt" count="0"/>
        <line num="24" type="stmt" count="0"/>
        <line num="25" type="stmt" count="0"/>
        <line num="26" type="stmt" count="0"/>
        <metrics loc="28" ncloc="21" classes="1" methods="2" coveredmethods="0" conditionals="0" coveredconditionals="0" statements="8" coveredstatements="0" elements="10" coveredelements="0"/>
      </file>
      <file name="C:\data\projects.it\yii2-batsg\src\helpers/HHtml.php">
        <class name="HHtml" namespace="batsg\helpers">
          <metrics complexity="6" methods="2" coveredmethods="0" conditionals="0" coveredconditionals="0" statements="15" coveredstatements="0" elements="17" coveredelements="0"/>
        </class>
        <line num="20" type="method" name="hiddenInput" visibility="public" complexity="5" crap="30" count="0"/>
        <line num="23" type="stmt" count="0"/>
        <line num="24" type="stmt" count="0"/>
        <line num="25" type="stmt" count="0"/>
        <line num="27" type="stmt" count="0"/>
        <line num="28" type="stmt" count="0"/>
        <line num="29" type="stmt" count="0"/>
        <line num="30" type="stmt" count="0"/>
        <line num="31" type="stmt" count="0"/>
        <line num="32" type="stmt" count="0"/>
        <line num="34" type="stmt" count="0"/>
        <line num="40" type="stmt" count="0"/>
        <line num="41" type="stmt" count="0"/>
        <line num="42" type="stmt" count="0"/>
        <line num="45" type="method" name="datetimeLocalValue" visibility="public" complexity="1" crap="2" count="0"/>
        <line num="47" type="stmt" count="0"/>
        <line num="48" type="stmt" count="0"/>
        <metrics loc="49" ncloc="22" classes="1" methods="2" coveredmethods="0" conditionals="0" coveredconditionals="0" statements="15" coveredstatements="0" elements="17" coveredelements="0"/>
      </file>
      <file name="C:\data\projects.it\yii2-batsg\src\helpers/HJapanese.php">
        <class name="HJapanese" namespace="batsg\helpers">
          <metrics complexity="31" methods="16" coveredmethods="0" conditionals="0" coveredconditionals="0" statements="85" coveredstatements="0" elements="101" coveredelements="0"/>
        </class>
        <line num="34" type="method" name="replaceFullWidthDigits" visibility="public" complexity="1" crap="2" count="0"/>
        <line num="36" type="stmt" count="0"/>
        <line num="37" type="stmt" count="0"/>
        <line num="45" type="method" name="replaceHalfWidthDigits" visibility="public" complexity="1" crap="2" count="0"/>
        <line num="47" type="stmt" count="0"/>
        <line num="48" type="stmt" count="0"/>
        <line num="58" type="method" name="parseDateTime" visibility="public" complexity="4" crap="20" count="0"/>
        <line num="61" type="stmt" count="0"/>
        <line num="62" type="stmt" count="0"/>
        <line num="63" type="stmt" count="0"/>
        <line num="64" type="stmt" count="0"/>
        <line num="65" type="stmt" count="0"/>
        <line num="66" type="stmt" count="0"/>
        <line num="67" type="stmt" count="0"/>
        <line num="69" type="stmt" count="0"/>
        <line num="70" type="stmt" count="0"/>
        <line num="71" type="stmt" count="0"/>
        <line num="73" type="stmt" count="0"/>
        <line num="75" type="stmt" count="0"/>
        <line num="76" type="stmt" count="0"/>
        <line num="77" type="stmt" count="0"/>
        <line num="78" type="stmt" count="0"/>
        <line num="79" type="stmt" count="0"/>
        <line num="80" type="stmt" count="0"/>
        <line num="81" type="stmt" count="0"/>
        <line num="83" type="stmt" count="0"/>
        <line num="84" type="stmt" count="0"/>
        <line num="85" type="stmt" count="0"/>
        <line num="86" type="stmt" count="0"/>
        <line num="87" type="stmt" count="0"/>
        <line num="88" type="stmt" count="0"/>
        <line num="89" type="stmt" count="0"/>
        <line num="90" type="stmt" count="0"/>
        <line num="91" type="stmt" count="0"/>
        <line num="92" type="stmt" count="0"/>
        <line num="93" type="stmt" count="0"/>
        <line num="94" type="stmt" count="0"/>
        <line num="95" type="stmt" count="0"/>
        <line num="103" type="method" name="sjisToUtf8" visibility="public" complexity="1" crap="2" count="0"/>
        <line num="105" type="stmt" count="0"/>
        <line num="113" type="method" name="utf8ToSjis" visibility="public" complexity="1" crap="2" count="0"/>
        <line num="115" type="stmt" count="0"/>
        <line num="128" type="method" name="getJapaneseYear" visibility="public" complexity="3" crap="12" count="0"/>
        <line num="131" type="stmt" count="0"/>
        <line num="132" type="stmt" count="0"/>
        <line num="133" type="stmt" count="0"/>
        <line num="134" type="stmt" count="0"/>
        <line num="135" type="stmt" count="0"/>
        <line num="137" type="stmt" count="0"/>
        <line num="138" type="stmt" count="0"/>
        <line num="139" type="stmt" count="0"/>
        <line num="140" type="stmt" count="0"/>
        <line num="141" type="stmt" count="0"/>
        <line num="142" type="stmt" count="0"/>
        <line num="143" type="stmt" count="0"/>
        <line num="145" type="stmt" count="0"/>
        <line num="146" type="stmt" count="0"/>
        <line num="155" type="method" name="toJapaneseCalendar" visibility="public" complexity="2" crap="6" count="0"/>
        <line num="157" type="stmt" count="0"/>
        <line num="158" type="stmt" count="0"/>
        <line num="159" type="stmt" count="0"/>
        <line num="161" type="stmt" count="0"/>
        <line num="171" type="method" name="mb_str_split" visibility="public" complexity="3" crap="12" count="0"/>
        <line num="173" type="stmt" count="0"/>
        <line num="174" type="stmt" count="0"/>
        <line num="175" type="stmt" count="0"/>
        <line num="176" type="stmt" count="0"/>
        <line num="177" type="stmt" count="0"/>
        <line num="178" type="stmt" count="0"/>
        <line num="185" type="method" name="mb_str_replace" visibility="public" complexity="8" crap="72" count="0"/>
        <line num="186" type="stmt" count="0"/>
        <line num="187" type="stmt" count="0"/>
        <line num="188" type="stmt" count="0"/>
        <line num="189" type="stmt" count="0"/>
        <line num="190" type="stmt" count="0"/>
        <line num="191" type="stmt" count="0"/>
        <line num="194" type="stmt" count="0"/>
        <line num="195" type="stmt" count="0"/>
        <line num="196" type="stmt" count="0"/>
        <line num="198" type="stmt" count="0"/>
        <line num="199" type="stmt" count="0"/>
        <line num="200" type="stmt" count="0"/>
        <line num="201" type="stmt" count="0"/>
        <line num="202" type="stmt" count="0"/>
        <line num="203" type="stmt" count="0"/>
        <line num="204" type="stmt" count="0"/>
        <line num="206" type="stmt" count="0"/>
        <line num="214" type="method" name="containHiragana" visibility="public" complexity="1" crap="2" count="0"/>
        <line num="216" type="stmt" count="0"/>
        <line num="225" type="method" name="containKatakana" visibility="public" complexity="1" crap="2" count="0"/>
        <line num="227" type="stmt" count="0"/>
        <line num="236" type="method" name="onlyHiragana" visibility="public" complexity="1" crap="2" count="0"/>
        <line num="238" type="stmt" count="0"/>
        <line num="247" type="method" name="onlyKatakana" visibility="public" complexity="1" crap="2" count="0"/>
        <line num="249" type="stmt" count="0"/>
        <line num="257" type="method" name="hiraganaToKatakana" visibility="public" complexity="1" crap="2" count="0"/>
        <line num="259" type="stmt" count="0"/>
        <line num="267" type="method" name="katakanaToHiragana" visibility="public" complexity="1" crap="2" count="0"/>
        <line num="269" type="stmt" count="0"/>
        <line num="276" type="method" name="strlen" visibility="public" complexity="1" crap="2" count="0"/>
        <line num="278" type="stmt" count="0"/>
        <metrics loc="280" ncloc="179" classes="1" methods="16" coveredmethods="0" conditionals="0" coveredconditionals="0" statements="85" coveredstatements="0" elements="101" coveredelements="0"/>
      </file>
      <file name="C:\data\projects.it\yii2-batsg\src\helpers/HJapaneseAddress.php">
        <class name="HJapaneseAddress" namespace="batsg\helpers">
          <metrics complexity="2" methods="1" coveredmethods="0" conditionals="0" coveredconditionals="0" statements="6" coveredstatements="0" elements="7" coveredelements="0"/>
        </class>
        <line num="27" type="method" name="splitAddress" visibility="public" complexity="2" crap="6" count="0"/>
        <line num="30" type="stmt" count="0"/>
        <line num="31" type="stmt" count="0"/>
        <line num="32" type="stmt" count="0"/>
        <line num="33" type="stmt" count="0"/>
        <line num="35" type="stmt" count="0"/>
        <line num="36" type="stmt" count="0"/>
        <metrics loc="38" ncloc="16" classes="1" methods="1" coveredmethods="0" conditionals="0" coveredconditionals="0" statements="6" coveredstatements="0" elements="7" coveredelements="0"/>
      </file>
      <file name="C:\data\projects.it\yii2-batsg\src\helpers/HMail.php">
        <class name="HMail" namespace="batsg\helpers">
          <metrics complexity="1" methods="1" coveredmethods="0" conditionals="0" coveredconditionals="0" statements="1" coveredstatements="0" elements="2" coveredelements="0"/>
        </class>
        <line num="17" type="method" name="getMailAddressAsArray" visibility="public" complexity="1" crap="2" count="0"/>
        <line num="19" type="stmt" count="0"/>
        <metrics loc="20" ncloc="12" classes="1" methods="1" coveredmethods="0" conditionals="0" coveredconditionals="0" statements="1" coveredstatements="0" elements="2" coveredelements="0"/>
      </file>
      <file name="C:\data\projects.it\yii2-batsg\src\helpers/HRandom.php">
        <class name="HRandom" namespace="batsg\helpers">
          <metrics complexity="6" methods="2" coveredmethods="0" conditionals="0" coveredconditionals="0" statements="15" coveredstatements="0" elements="17" coveredelements="0"/>
        </class>
        <line num="64" type="method" name="generateRandomStringInCharacterSet" visibility="public" complexity="2" crap="6" count="0"/>
        <line num="66" type="stmt" count="0"/>
        <line num="67" type="stmt" count="0"/>
        <line num="68" type="stmt" count="0"/>
        <line num="69" type="stmt" count="0"/>
        <line num="70" type="stmt" count="0"/>
        <line num="71" type="stmt" count="0"/>
        <line num="83" type="method" name="generateRandomString" visibility="public" complexity="4" crap="20" count="0"/>
        <line num="87" type="stmt" count="0"/>
        <line num="88" type="stmt" count="0"/>
        <line num="91" type="stmt" count="0"/>
        <line num="92" type="stmt" count="0"/>
        <line num="93" type="stmt" count="0"/>
        <line num="94" type="stmt" count="0"/>
        <line num="95" type="stmt" count="0"/>
        <line num="96" type="stmt" count="0"/>
        <line num="98" type="stmt" count="0"/>
        <metrics loc="100" ncloc="43" classes="1" methods="2" coveredmethods="0" conditionals="0" coveredconditionals="0" statements="15" coveredstatements="0" elements="17" coveredelements="0"/>
      </file>
    </package>
    <metrics files="8" loc="1099" ncloc="596" classes="8" methods="63" coveredmethods="0" conditionals="0" coveredconditionals="0" statements="251" coveredstatements="0" elements="314" coveredelements="0"/>
  </project>
</coverage>
